#
# There is insufficient memory for the Java Runtime Environment to continue.
# Native memory allocation (malloc) failed to allocate 131088 bytes for Chunk::new
# Possible reasons:
#   The system is out of physical RAM or swap space
#   In 32 bit mode, the process size limit was hit
# Possible solutions:
#   Reduce memory load on the system
#   Increase physical memory or swap space
#   Check if swap backing store is full
#   Use 64 bit Java on a 64 bit OS
#   Decrease Java heap size (-Xmx/-Xms)
#   Decrease number of Java threads
#   Decrease Java thread stack sizes (-Xss)
#   Set larger code cache with -XX:ReservedCodeCacheSize=
# This output file may be truncated or incomplete.
#
#  Out of Memory Error (allocation.cpp:390), pid=824, tid=0x0000000000003d74
#
# JRE version: OpenJDK Runtime Environment (8.0_152-b01) (build 1.8.0_152-release-1248-b01)
# Java VM: OpenJDK 64-Bit Server VM (25.152-b01 mixed mode windows-amd64 compressed oops)
# Failed to write core dump. Minidumps are not enabled by default on client versions of Windows
#

---------------  T H R E A D  ---------------

Current thread (0x0000000018bb7000):  JavaThread "C2 CompilerThread1" daemon [_thread_in_native, id=15732, stack(0x000000001a240000,0x000000001a340000)]

Stack: [0x000000001a240000,0x000000001a340000]
[error occurred during error reporting (printing stack bounds), id 0xc0000005]

Native frames: (J=compiled Java code, j=interpreted, Vv=VM code, C=native code)


Current CompileTask:
C2:10693535 27540       4       org.gradle.api.tasks.util.internal.PatternSpecFactory::createExcludeSpec (95 bytes)


---------------  P R O C E S S  ---------------

Java Threads: ( => current thread )
  0x000000001ebdf000 JavaThread "Cache worker for Build Output Cleanup Cache (C:\MyApps\NaverAPI-master\MyMovie\.gradle\buildOutputCleanup)" [_thread_blocked, id=19428, stack(0x000000006dea0000,0x000000006dfa0000)]
  0x000000001ebde000 JavaThread "Cache worker for task history cache (C:\MyApps\NaverAPI-master\MyMovie\.gradle\4.10.1\taskHistory)" [_thread_blocked, id=4824, stack(0x000000006dda0000,0x000000006dea0000)]
  0x000000001ebdd800 JavaThread "Task worker for ':' Thread 11" [_thread_blocked, id=11420, stack(0x000000006dca0000,0x000000006dda0000)]
  0x000000001ebdc800 JavaThread "Task worker for ':' Thread 10" [_thread_blocked, id=9876, stack(0x000000006dba0000,0x000000006dca0000)]
  0x000000001ebdc000 JavaThread "Task worker for ':' Thread 9" [_thread_blocked, id=17440, stack(0x000000006daa0000,0x000000006dba0000)]
  0x000000001ebd4800 JavaThread "Task worker for ':' Thread 8" [_thread_blocked, id=9136, stack(0x000000006d9a0000,0x000000006daa0000)]
  0x000000001ebdb000 JavaThread "Task worker for ':' Thread 7" [_thread_blocked, id=18928, stack(0x000000006d8a0000,0x000000006d9a0000)]
  0x000000001ebda800 JavaThread "Task worker for ':' Thread 6" [_thread_blocked, id=3252, stack(0x000000006d7a0000,0x000000006d8a0000)]
  0x000000001ebd3000 JavaThread "Task worker for ':' Thread 5" [_thread_blocked, id=20656, stack(0x000000006d6a0000,0x000000006d7a0000)]
  0x000000001ebd9800 JavaThread "Task worker for ':' Thread 4" [_thread_blocked, id=16912, stack(0x000000006d5a0000,0x000000006d6a0000)]
  0x000000001ebd9000 JavaThread "Task worker for ':' Thread 3" [_thread_blocked, id=8652, stack(0x000000006d4a0000,0x000000006d5a0000)]
  0x000000001ebd2000 JavaThread "Task worker for ':' Thread 2" [_thread_blocked, id=15860, stack(0x000000006d3a0000,0x000000006d4a0000)]
  0x000000001ebd8000 JavaThread "Task worker for ':'" [_thread_in_Java, id=4384, stack(0x000000006d2a0000,0x000000006d3a0000)]
  0x000000001ebd0800 JavaThread "Cache worker for file content cache (C:\MyApps\NaverAPI-master\MyMovie\.gradle\4.10.1\fileContent)" [_thread_blocked, id=22300, stack(0x000000006d1a0000,0x000000006d2a0000)]
  0x000000001ebd6000 JavaThread "Build operations Thread 12" [_thread_blocked, id=18644, stack(0x000000006d0a0000,0x000000006d1a0000)]
  0x000000001ebd7800 JavaThread "Build operations Thread 11" [_thread_blocked, id=6684, stack(0x000000006cfa0000,0x000000006d0a0000)]
  0x000000001ebd5000 JavaThread "Build operations Thread 10" [_thread_blocked, id=16336, stack(0x000000006cea0000,0x000000006cfa0000)]
  0x000000001bc92800 JavaThread "Build operations Thread 9" [_thread_blocked, id=20764, stack(0x000000006cda0000,0x000000006cea0000)]
  0x000000001bc93000 JavaThread "Build operations Thread 8" [_thread_blocked, id=21044, stack(0x000000006cca0000,0x000000006cda0000)]
  0x000000001bc94000 JavaThread "Build operations Thread 7" [_thread_blocked, id=21224, stack(0x000000006cba0000,0x000000006cca0000)]
  0x000000001bc8b000 JavaThread "Build operations Thread 6" [_thread_blocked, id=3456, stack(0x000000006caa0000,0x000000006cba0000)]
  0x000000001bc91000 JavaThread "Build operations Thread 5" [_thread_blocked, id=11104, stack(0x000000006c9a0000,0x000000006caa0000)]
  0x000000001bc90000 JavaThread "Build operations Thread 4" [_thread_blocked, id=19084, stack(0x000000006c8a0000,0x000000006c9a0000)]
  0x000000001bc91800 JavaThread "Build operations Thread 3" [_thread_blocked, id=17904, stack(0x000000006c7a0000,0x000000006c8a0000)]
  0x000000001bc8f800 JavaThread "Build operations Thread 2" [_thread_blocked, id=20992, stack(0x000000006c6a0000,0x000000006c7a0000)]
  0x000000001bc8e800 JavaThread "Build operations" [_thread_blocked, id=16700, stack(0x000000006c5a0000,0x000000006c6a0000)]
  0x000000001bc87000 JavaThread "Cache worker for cache directory md-rule (C:\Users\LeeJH\.gradle\caches\4.10.1\md-rule)" [_thread_blocked, id=16440, stack(0x000000006c4a0000,0x000000006c5a0000)]
  0x000000001bc8a000 JavaThread "Cache worker for cache directory md-supplier (C:\Users\LeeJH\.gradle\caches\4.10.1\md-supplier)" [_thread_blocked, id=22380, stack(0x000000006c3a0000,0x000000006c4a0000)]
  0x000000001bc8b800 JavaThread "Cache worker for file hash cache (C:\MyApps\NaverAPI-master\MyMovie\.gradle\4.10.1\fileHashes)" [_thread_blocked, id=9496, stack(0x000000006c2a0000,0x000000006c3a0000)]
  0x000000001bc8c800 JavaThread "Stdin handler" [_thread_blocked, id=17436, stack(0x000000006c1a0000,0x000000006c2a0000)]
  0x000000001bc8d000 JavaThread "Asynchronous log dispatcher for DefaultDaemonConnection: socket connection from /127.0.0.1:52006 to /127.0.0.1:54245" [_thread_blocked, id=10012, stack(0x000000006c0a0000,0x000000006c1a0000)]
  0x000000001bc89800 JavaThread "Cancel handler" [_thread_blocked, id=8324, stack(0x000000006bfa0000,0x000000006c0a0000)]
  0x000000001bc88800 JavaThread "Handler for socket connection from /127.0.0.1:52006 to /127.0.0.1:54245" [_thread_in_native, id=13624, stack(0x000000006bea0000,0x000000006bfa0000)]
  0x000000001cf1c000 JavaThread "Daemon worker Thread 12" [_thread_blocked, id=16192, stack(0x00000000637a0000,0x00000000638a0000)]
  0x000000001cf1a000 JavaThread "Daemon Thread 12" [_thread_blocked, id=18576, stack(0x00000000634a0000,0x00000000635a0000)]
  0x000000001ebd3800 JavaThread "Cache worker for Java compile cache (C:\Users\LeeJH\.gradle\caches\4.10.1\javaCompile)" [_thread_blocked, id=6352, stack(0x0000000030ba0000,0x0000000030ca0000)]
  0x000000001bcb2800 JavaThread "Cache worker for file content cache (C:\Users\LeeJH\.gradle\caches\4.10.1\fileContent)" [_thread_blocked, id=11232, stack(0x000000002e2a0000,0x000000002e3a0000)]
  0x000000001bcb5800 JavaThread "Memory manager" [_thread_blocked, id=12028, stack(0x0000000026070000,0x0000000026170000)]
  0x000000001ce4c800 JavaThread "Cache worker for Artifact transforms cache (C:\Users\LeeJH\.gradle\caches\transforms-1)" [_thread_blocked, id=12108, stack(0x0000000021e00000,0x0000000021f00000)]
  0x000000001ce49800 JavaThread "Cache worker for journal cache (C:\Users\LeeJH\.gradle\caches\journal-1)" [_thread_blocked, id=7724, stack(0x000000001f190000,0x000000001f290000)]
  0x000000001cee8000 JavaThread "File lock request listener" [_thread_in_native, id=16064, stack(0x000000001dfc0000,0x000000001e0c0000)]
  0x000000001bb0b000 JavaThread "Cache worker for file hash cache (C:\Users\LeeJH\.gradle\caches\4.10.1\fileHashes)" [_thread_blocked, id=6940, stack(0x000000001dec0000,0x000000001dfc0000)]
  0x000000001b9c5800 JavaThread "Daemon periodic checks" [_thread_blocked, id=18332, stack(0x000000001c2f0000,0x000000001c3f0000)]
  0x000000001b9c2800 JavaThread "Incoming local TCP Connector on port 52006" [_thread_in_native, id=11208, stack(0x000000001c110000,0x000000001c210000)]
  0x0000000018c44800 JavaThread "Service Thread" daemon [_thread_blocked, id=16224, stack(0x000000001a540000,0x000000001a640000)]
  0x0000000018bbd000 JavaThread "C1 CompilerThread3" daemon [_thread_blocked, id=11964, stack(0x000000001a440000,0x000000001a540000)]
  0x0000000018bbc000 JavaThread "C2 CompilerThread2" daemon [_thread_blocked, id=16764, stack(0x000000001a340000,0x000000001a440000)]
=>0x0000000018bb7000 JavaThread "C2 CompilerThread1" daemon [_thread_in_native, id=15732, stack(0x000000001a240000,0x000000001a340000)]
  0x0000000018b5b800 JavaThread "C2 CompilerThread0" daemon [_thread_blocked, id=2420, stack(0x000000001a140000,0x000000001a240000)]
  0x0000000018bb2000 JavaThread "Attach Listener" daemon [_thread_blocked, id=928, stack(0x000000001a040000,0x000000001a140000)]
  0x0000000018bb1000 JavaThread "Signal Dispatcher" daemon [_thread_blocked, id=13032, stack(0x0000000019f40000,0x000000001a040000)]
  0x000000000348a000 JavaThread "Finalizer" daemon [_thread_blocked, id=2740, stack(0x0000000019db0000,0x0000000019eb0000)]
  0x000000001744c000 JavaThread "Reference Handler" daemon [_thread_blocked, id=13120, stack(0x0000000019cb0000,0x0000000019db0000)]
  0x0000000002efe000 JavaThread "main" [_thread_blocked, id=5444, stack(0x0000000003290000,0x0000000003390000)]

Other Threads:
  0x0000000017445800 VMThread [stack: 0x0000000019bb0000,0x0000000019cb0000] [id=8092]
  0x0000000018c45000 WatcherThread [stack: 0x000000001a640000,0x000000001a740000] [id=10540]

VM state:not at safepoint (normal execution)

VM Mutex/Monitor currently owned by a thread: None

Heap:
 PSYoungGen      total 491520K, used 141530K [0x00000000e0000000, 0x00000000ffe00000, 0x0000000100000000)
  eden space 461312K, 29% used [0x00000000e0000000,0x00000000e8373e98,0x00000000fc280000)
  from space 30208K, 22% used [0x00000000fc280000,0x00000000fc942b10,0x00000000fe000000)
  to   space 29184K, 0% used [0x00000000fe180000,0x00000000fe180000,0x00000000ffe00000)
 ParOldGen       total 279040K, used 59478K [0x00000000a0000000, 0x00000000b1080000, 0x00000000e0000000)
  object space 279040K, 21% used [0x00000000a0000000,0x00000000a3a15800,0x00000000b1080000)
 Metaspace       used 101334K, capacity 107636K, committed 107800K, reserved 1142784K
  class space    used 12662K, capacity 13731K, committed 13872K, reserved 1048576K

Card table byte_map: [0x0000000012850000,0x0000000012b60000] byte_map_base: 0x0000000012350000

Marking Bits: (ParMarkBitMap*) 0x0000000076935aa0
 Begin Bits: [0x0000000013760000, 0x0000000014f60000)
 End Bits:   [0x0000000014f60000, 0x0000000016760000)

Polling page: 0x00000000015f0000

CodeCache: size=245760Kb used=69473Kb max_used=69487Kb free=176286Kb
 bounds [0x0000000003490000, 0x00000000078e0000, 0x0000000012490000]
 total_blobs=21849 nmethods=20924 adapters=835
 compilation: enabled

Compilation events (10 events):
Event: 10693.256 Thread 0x0000000018b5b800 nmethod 27530 0x0000000004965cd0 code [0x0000000004965ec0, 0x0000000004966910]
Event: 10693.330 Thread 0x0000000018bb7000 27536       4       com.google.common.collect.RegularImmutableMap$EntrySet::<init> (6 bytes)
Event: 10693.331 Thread 0x0000000018bb7000 nmethod 27536 0x0000000004228bd0 code [0x0000000004228d00, 0x0000000004228d78]
Event: 10693.357 Thread 0x0000000018bbd000 27537       3       org.gradle.api.internal.artifacts.DefaultResolverResults::hasError (39 bytes)
Event: 10693.358 Thread 0x0000000018bbd000 nmethod 27537 0x000000000398fd50 code [0x000000000398fec0, 0x00000000039901e8]
Event: 10693.435 Thread 0x0000000018b5b800 27538       4       com.google.common.cache.LocalCache$LocalLoadingCache::get (9 bytes)
Event: 10693.445 Thread 0x0000000018b5b800 nmethod 27538 0x0000000004960850 code [0x0000000004960a60, 0x0000000004961600]
Event: 10693.503 Thread 0x0000000018bbc000 27539       4       com.google.common.collect.ImmutableMultimap$EntryCollection::size (8 bytes)
Event: 10693.503 Thread 0x0000000018bbc000 nmethod 27539 0x0000000003e9b250 code [0x0000000003e9b380, 0x0000000003e9b3f8]
Event: 10693.515 Thread 0x0000000018bb7000 27540       4       org.gradle.api.tasks.util.internal.PatternSpecFactory::createExcludeSpec (95 bytes)

GC Heap History (10 events):
Event: 9743.283 GC heap before
{Heap before GC invocations=35 (full 4):
 PSYoungGen      total 486912K, used 459506K [0x00000000e0000000, 0x00000000ffe00000, 0x0000000100000000)
  eden space 452096K, 100% used [0x00000000e0000000,0x00000000fb980000,0x00000000fb980000)
  from space 34816K, 21% used [0x00000000fdb00000,0x00000000fe23c818,0x00000000ffd00000)
  to   space 34304K, 0% used [0x00000000fb980000,0x00000000fb980000,0x00000000fdb00000)
 ParOldGen       total 279040K, used 59438K [0x00000000a0000000, 0x00000000b1080000, 0x00000000e0000000)
  object space 279040K, 21% used [0x00000000a0000000,0x00000000a3a0b800,0x00000000b1080000)
 Metaspace       used 99477K, capacity 104184K, committed 104472K, reserved 1140736K
  class space    used 12413K, capacity 13275K, committed 13360K, reserved 1048576K
Event: 9743.291 GC heap after
Heap after GC invocations=35 (full 4):
 PSYoungGen      total 486400K, used 13551K [0x00000000e0000000, 0x00000000ffb80000, 0x0000000100000000)
  eden space 452096K, 0% used [0x00000000e0000000,0x00000000e0000000,0x00000000fb980000)
  from space 34304K, 39% used [0x00000000fb980000,0x00000000fc6bbff0,0x00000000fdb00000)
  to   space 32256K, 0% used [0x00000000fdc00000,0x00000000fdc00000,0x00000000ffb80000)
 ParOldGen       total 279040K, used 59446K [0x00000000a0000000, 0x00000000b1080000, 0x00000000e0000000)
  object space 279040K, 21% used [0x00000000a0000000,0x00000000a3a0d800,0x00000000b1080000)
 Metaspace       used 99477K, capacity 104184K, committed 104472K, reserved 1140736K
  class space    used 12413K, capacity 13275K, committed 13360K, reserved 1048576K
}
Event: 9967.195 GC heap before
{Heap before GC invocations=36 (full 4):
 PSYoungGen      total 486400K, used 465647K [0x00000000e0000000, 0x00000000ffb80000, 0x0000000100000000)
  eden space 452096K, 100% used [0x00000000e0000000,0x00000000fb980000,0x00000000fb980000)
  from space 34304K, 39% used [0x00000000fb980000,0x00000000fc6bbff0,0x00000000fdb00000)
  to   space 32256K, 0% used [0x00000000fdc00000,0x00000000fdc00000,0x00000000ffb80000)
 ParOldGen       total 279040K, used 59446K [0x00000000a0000000, 0x00000000b1080000, 0x00000000e0000000)
  object space 279040K, 21% used [0x00000000a0000000,0x00000000a3a0d800,0x00000000b1080000)
 Metaspace       used 100202K, capacity 105810K, committed 106008K, reserved 1142784K
  class space    used 12542K, capacity 13514K, committed 13616K, reserved 1048576K
Event: 9967.200 GC heap after
Heap after GC invocations=36 (full 4):
 PSYoungGen      total 487936K, used 6858K [0x00000000e0000000, 0x00000000ffd00000, 0x0000000100000000)
  eden space 455680K, 0% used [0x00000000e0000000,0x00000000e0000000,0x00000000fbd00000)
  from space 32256K, 21% used [0x00000000fdc00000,0x00000000fe2b2b00,0x00000000ffb80000)
  to   space 31744K, 0% used [0x00000000fbd00000,0x00000000fbd00000,0x00000000fdc00000)
 ParOldGen       total 279040K, used 59454K [0x00000000a0000000, 0x00000000b1080000, 0x00000000e0000000)
  object space 279040K, 21% used [0x00000000a0000000,0x00000000a3a0f800,0x00000000b1080000)
 Metaspace       used 100202K, capacity 105810K, committed 106008K, reserved 1142784K
  class space    used 12542K, capacity 13514K, committed 13616K, reserved 1048576K
}
Event: 10133.898 GC heap before
{Heap before GC invocations=37 (full 4):
 PSYoungGen      total 487936K, used 462538K [0x00000000e0000000, 0x00000000ffd00000, 0x0000000100000000)
  eden space 455680K, 100% used [0x00000000e0000000,0x00000000fbd00000,0x00000000fbd00000)
  from space 32256K, 21% used [0x00000000fdc00000,0x00000000fe2b2b00,0x00000000ffb80000)
  to   space 31744K, 0% used [0x00000000fbd00000,0x00000000fbd00000,0x00000000fdc00000)
 ParOldGen       total 279040K, used 59454K [0x00000000a0000000, 0x00000000b1080000, 0x00000000e0000000)
  object space 279040K, 21% used [0x00000000a0000000,0x00000000a3a0f800,0x00000000b1080000)
 Metaspace       used 100526K, capacity 106298K, committed 106520K, reserved 1142784K
  class space    used 12576K, capacity 13574K, committed 13616K, reserved 1048576K
Event: 10133.903 GC heap after
Heap after GC invocations=37 (full 4):
 PSYoungGen      total 487424K, used 5247K [0x00000000e0000000, 0x00000000ffe80000, 0x0000000100000000)
  eden space 455680K, 0% used [0x00000000e0000000,0x00000000e0000000,0x00000000fbd00000)
  from space 31744K, 16% used [0x00000000fbd00000,0x00000000fc21fff0,0x00000000fdc00000)
  to   space 31232K, 0% used [0x00000000fe000000,0x00000000fe000000,0x00000000ffe80000)
 ParOldGen       total 279040K, used 59462K [0x00000000a0000000, 0x00000000b1080000, 0x00000000e0000000)
  object space 279040K, 21% used [0x00000000a0000000,0x00000000a3a11800,0x00000000b1080000)
 Metaspace       used 100526K, capacity 106298K, committed 106520K, reserved 1142784K
  class space    used 12576K, capacity 13574K, committed 13616K, reserved 1048576K
}
Event: 10182.377 GC heap before
{Heap before GC invocations=38 (full 4):
 PSYoungGen      total 487424K, used 460927K [0x00000000e0000000, 0x00000000ffe80000, 0x0000000100000000)
  eden space 455680K, 100% used [0x00000000e0000000,0x00000000fbd00000,0x00000000fbd00000)
  from space 31744K, 16% used [0x00000000fbd00000,0x00000000fc21fff0,0x00000000fdc00000)
  to   space 31232K, 0% used [0x00000000fe000000,0x00000000fe000000,0x00000000ffe80000)
 ParOldGen       total 279040K, used 59462K [0x00000000a0000000, 0x00000000b1080000, 0x00000000e0000000)
  object space 279040K, 21% used [0x00000000a0000000,0x00000000a3a11800,0x00000000b1080000)
 Metaspace       used 100906K, capacity 106988K, committed 107160K, reserved 1142784K
  class space    used 12621K, capacity 13657K, committed 13744K, reserved 1048576K
Event: 10182.385 GC heap after
Heap after GC invocations=38 (full 4):
 PSYoungGen      total 491520K, used 9018K [0x00000000e0000000, 0x00000000ffd80000, 0x0000000100000000)
  eden space 461312K, 0% used [0x00000000e0000000,0x00000000e0000000,0x00000000fc280000)
  from space 30208K, 29% used [0x00000000fe000000,0x00000000fe8ceb50,0x00000000ffd80000)
  to   space 30208K, 0% used [0x00000000fc280000,0x00000000fc280000,0x00000000fe000000)
 ParOldGen       total 279040K, used 59470K [0x00000000a0000000, 0x00000000b1080000, 0x00000000e0000000)
  object space 279040K, 21% used [0x00000000a0000000,0x00000000a3a13800,0x00000000b1080000)
 Metaspace       used 100906K, capacity 106988K, committed 107160K, reserved 1142784K
  class space    used 12621K, capacity 13657K, committed 13744K, reserved 1048576K
}
Event: 10662.006 GC heap before
{Heap before GC invocations=39 (full 4):
 PSYoungGen      total 491520K, used 470330K [0x00000000e0000000, 0x00000000ffd80000, 0x0000000100000000)
  eden space 461312K, 100% used [0x00000000e0000000,0x00000000fc280000,0x00000000fc280000)
  from space 30208K, 29% used [0x00000000fe000000,0x00000000fe8ceb50,0x00000000ffd80000)
  to   space 30208K, 0% used [0x00000000fc280000,0x00000000fc280000,0x00000000fe000000)
 ParOldGen       total 279040K, used 59470K [0x00000000a0000000, 0x00000000b1080000, 0x00000000e0000000)
  object space 279040K, 21% used [0x00000000a0000000,0x00000000a3a13800,0x00000000b1080000)
 Metaspace       used 101270K, capacity 107636K, committed 107800K, reserved 1142784K
  class space    used 12661K, capacity 13731K, committed 13872K, reserved 1048576K
Event: 10662.013 GC heap after
Heap after GC invocations=39 (full 4):
 PSYoungGen      total 491520K, used 6922K [0x00000000e0000000, 0x00000000ffe00000, 0x0000000100000000)
  eden space 461312K, 0% used [0x00000000e0000000,0x00000000e0000000,0x00000000fc280000)
  from space 30208K, 22% used [0x00000000fc280000,0x00000000fc942b10,0x00000000fe000000)
  to   space 29184K, 0% used [0x00000000fe180000,0x00000000fe180000,0x00000000ffe00000)
 ParOldGen       total 279040K, used 59478K [0x00000000a0000000, 0x00000000b1080000, 0x00000000e0000000)
  object space 279040K, 21% used [0x00000000a0000000,0x00000000a3a15800,0x00000000b1080000)
 Metaspace       used 101270K, capacity 107636K, committed 107800K, reserved 1142784K
  class space    used 12661K, capacity 13731K, committed 13872K, reserved 1048576K
}

Deoptimization events (10 events):
Event: 9967.250 Thread 0x000000001bc88000 Uncommon trap: reason=bimorphic action=maybe_recompile pc=0x00000000042e8cb0 method=org.gradle.api.specs.AndSpec.isSatisfiedBy(Ljava/lang/Object;)Z @ 30
Event: 9967.251 Thread 0x000000001bc88000 Uncommon trap: reason=bimorphic action=maybe_recompile pc=0x00000000042e8cb0 method=org.gradle.api.specs.AndSpec.isSatisfiedBy(Ljava/lang/Object;)Z @ 30
Event: 9967.251 Thread 0x000000001bc88000 Uncommon trap: reason=bimorphic action=maybe_recompile pc=0x00000000042e8cb0 method=org.gradle.api.specs.AndSpec.isSatisfiedBy(Ljava/lang/Object;)Z @ 30
Event: 9967.386 Thread 0x000000001bc88000 Uncommon trap: reason=null_check action=make_not_entrant pc=0x0000000006ad9f64 method=com.google.gson.internal.Excluder.isAnonymousOrLocal(Ljava/lang/Class;)Z @ 3
Event: 9997.540 Thread 0x000000001ebd2000 Uncommon trap: reason=class_check action=maybe_recompile pc=0x00000000058b4f70 method=com.google.common.collect.AbstractMapBasedMultimap.get(Ljava/lang/Object;)Ljava/util/Collection; @ 5
Event: 10109.604 Thread 0x000000001ebdc800 Uncommon trap: reason=unstable_if action=reinterpret pc=0x00000000055cf41c method=java.util.concurrent.locks.AbstractQueuedSynchronizer.isOnSyncQueue(Ljava/util/concurrent/locks/AbstractQueuedSynchronizer$Node;)Z @ 13
Event: 10109.628 Thread 0x000000001ebd0800 Uncommon trap: reason=class_check action=maybe_recompile pc=0x00000000058b4f70 method=com.google.common.collect.AbstractMapBasedMultimap.get(Ljava/lang/Object;)Ljava/util/Collection; @ 5
Event: 10235.306 Thread 0x000000001cf1a000 Uncommon trap: reason=unstable_if action=reinterpret pc=0x0000000003664378 method=java.util.concurrent.locks.AbstractQueuedSynchronizer$ConditionObject.awaitNanos(J)J @ 115
Event: 10235.331 Thread 0x000000001ebd0800 Uncommon trap: reason=unstable_if action=reinterpret pc=0x0000000006a14f50 method=java.text.DecimalFormat.format(JLjava/lang/StringBuffer;Ljava/text/Format$FieldDelegate;)Ljava/lang/StringBuffer; @ 136
Event: 10235.331 Thread 0x000000001ebd0800 Uncommon trap: reason=unstable_if action=reinterpret pc=0x0000000006544a08 method=java.text.DigitList.set(ZJI)V @ 8

Classes redefined (0 events):
No events

Internal exceptions (10 events):
Event: 10163.938 Thread 0x000000001bc8b800 Exception <a 'sun/nio/fs/WindowsException'> (0x00000000f1e4cd48) thrown at [D:\src\AOSP-openjdk-cygwin\jdk8u\hotspot\src\share\vm\prims\jni.cpp, line 709]
Event: 10181.469 Thread 0x000000001ebd0800 Exception <a 'sun/nio/fs/WindowsException'> (0x00000000f6b87c10) thrown at [D:\src\AOSP-openjdk-cygwin\jdk8u\hotspot\src\share\vm\prims\jni.cpp, line 709]
Event: 10182.657 Thread 0x000000001bc92800 Exception <a 'sun/nio/fs/WindowsException'> (0x00000000e1a6f090) thrown at [D:\src\AOSP-openjdk-cygwin\jdk8u\hotspot\src\share\vm\prims\jni.cpp, line 709]
Event: 10233.730 Thread 0x000000001ebd0800 Exception <a 'sun/nio/fs/WindowsException'> (0x00000000e68f1aa8) thrown at [D:\src\AOSP-openjdk-cygwin\jdk8u\hotspot\src\share\vm\prims\jni.cpp, line 709]
Event: 10234.893 Thread 0x000000001bc8b800 Exception <a 'sun/nio/fs/WindowsException'> (0x00000000ed19b840) thrown at [D:\src\AOSP-openjdk-cygwin\jdk8u\hotspot\src\share\vm\prims\jni.cpp, line 709]
Event: 10590.029 Thread 0x000000001cf1c000 Exception <a 'sun/nio/fs/WindowsException'> (0x00000000f2145a20) thrown at [D:\src\AOSP-openjdk-cygwin\jdk8u\hotspot\src\share\vm\prims\jni.cpp, line 709]
Event: 10639.587 Thread 0x000000001cf1c000 Exception <a 'sun/nio/fs/WindowsException'> (0x00000000f609a8b0) thrown at [D:\src\AOSP-openjdk-cygwin\jdk8u\hotspot\src\share\vm\prims\jni.cpp, line 709]
Event: 10661.716 Thread 0x000000001cf1c000 Exception <a 'sun/nio/fs/WindowsException'> (0x00000000f9f51f48) thrown at [D:\src\AOSP-openjdk-cygwin\jdk8u\hotspot\src\share\vm\prims\jni.cpp, line 709]
Event: 10682.278 Thread 0x000000001cf1c000 Exception <a 'sun/nio/fs/WindowsException'> (0x00000000e1f369f0) thrown at [D:\src\AOSP-openjdk-cygwin\jdk8u\hotspot\src\share\vm\prims\jni.cpp, line 709]
Event: 10693.173 Thread 0x000000001cf1c000 Exception <a 'sun/nio/fs/WindowsException'> (0x00000000e5d198f0) thrown at [D:\src\AOSP-openjdk-cygwin\jdk8u\hotspot\src\share\vm\prims\jni.cpp, line 709]

Events (10 events):
Event: 10693.257 Executing VM operation: RevokeBias done
Event: 10693.258 Executing VM operation: RevokeBias
Event: 10693.258 Executing VM operation: RevokeBias done
Event: 10693.258 Executing VM operation: RevokeBias
Event: 10693.258 Executing VM operation: RevokeBias done
Event: 10693.258 Executing VM operation: RevokeBias
Event: 10693.258 Executing VM operation: RevokeBias done
Event: 10693.330 loading class com/google/common/collect/RegularImmutableMap$1
Event: 10693.330 loading class com/google/common/collect/RegularImmutableMap$1 done
Event: 10693.331 Thread 0x0000000018bb7000 flushing nmethod 0x000000000398fc10


Dynamic libraries:
0x00007ff7614e0000 - 0x00007ff761511000 	C:\Program Files\Android\Android Studio\jre\bin\java.exe
0x00007ffa90b80000 - 0x00007ffa90d6d000 	C:\WINDOWS\SYSTEM32\ntdll.dll
0x00007ffa90530000 - 0x00007ffa905e3000 	C:\WINDOWS\System32\KERNEL32.DLL
0x00007ffa8d570000 - 0x00007ffa8d803000 	C:\WINDOWS\System32\KERNELBASE.dll
0x00007ffa90130000 - 0x00007ffa901d3000 	C:\WINDOWS\System32\ADVAPI32.dll
0x00007ffa8dee0000 - 0x00007ffa8df7e000 	C:\WINDOWS\System32\msvcrt.dll
0x00007ffa8de40000 - 0x00007ffa8dede000 	C:\WINDOWS\System32\sechost.dll
0x00007ffa8e8c0000 - 0x00007ffa8e9e2000 	C:\WINDOWS\System32\RPCRT4.dll
0x00007ffa8e1f0000 - 0x00007ffa8e387000 	C:\WINDOWS\System32\USER32.dll
0x00007ffa8cd30000 - 0x00007ffa8cd50000 	C:\WINDOWS\System32\win32u.dll
0x00007ffa8e9f0000 - 0x00007ffa8ea19000 	C:\WINDOWS\System32\GDI32.dll
0x00007ffa8d810000 - 0x00007ffa8d9aa000 	C:\WINDOWS\System32\gdi32full.dll
0x00007ffa8cd80000 - 0x00007ffa8ce20000 	C:\WINDOWS\System32\msvcp_win.dll
0x00007ffa8db90000 - 0x00007ffa8dc8a000 	C:\WINDOWS\System32\ucrtbase.dll
0x00007ffa7fe80000 - 0x00007ffa800f9000 	C:\WINDOWS\WinSxS\amd64_microsoft.windows.common-controls_6595b64144ccf1df_6.0.17763.379_none_05b83be8071c94a1\COMCTL32.dll
0x00007ffa901f0000 - 0x00007ffa9051d000 	C:\WINDOWS\System32\combase.dll
0x00007ffa8cc50000 - 0x00007ffa8ccce000 	C:\WINDOWS\System32\bcryptPrimitives.dll
0x00007ffa8de10000 - 0x00007ffa8de3e000 	C:\WINDOWS\System32\IMM32.DLL
0x0000000077d50000 - 0x0000000077e22000 	C:\Program Files\Android\Android Studio\jre\jre\bin\msvcr100.dll
0x0000000076170000 - 0x00000000769b1000 	C:\Program Files\Android\Android Studio\jre\jre\bin\server\jvm.dll
0x00007ffa905f0000 - 0x00007ffa905f8000 	C:\WINDOWS\System32\PSAPI.DLL
0x00007ffa87e00000 - 0x00007ffa87e0a000 	C:\WINDOWS\SYSTEM32\VERSION.dll
0x00007ffa7cab0000 - 0x00007ffa7cab9000 	C:\WINDOWS\SYSTEM32\WSOCK32.dll
0x00007ffa7f7e0000 - 0x00007ffa7f804000 	C:\WINDOWS\SYSTEM32\WINMM.dll
0x00007ffa8ea20000 - 0x00007ffa8ea8d000 	C:\WINDOWS\System32\WS2_32.dll
0x00007ffa83d20000 - 0x00007ffa83d4d000 	C:\WINDOWS\SYSTEM32\WINMMBASE.dll
0x00007ffa8dc90000 - 0x00007ffa8dcda000 	C:\WINDOWS\System32\cfgmgr32.dll
0x00007ffa7bbe0000 - 0x00007ffa7bbef000 	C:\Program Files\Android\Android Studio\jre\jre\bin\verify.dll
0x00007ffa71b80000 - 0x00007ffa71ba9000 	C:\Program Files\Android\Android Studio\jre\jre\bin\java.dll
0x00007ffa700d0000 - 0x00007ffa700e6000 	C:\Program Files\Android\Android Studio\jre\jre\bin\zip.dll
0x00007ffa8ec40000 - 0x00007ffa90130000 	C:\WINDOWS\System32\SHELL32.dll
0x00007ffa8dfe0000 - 0x00007ffa8e088000 	C:\WINDOWS\System32\shcore.dll
0x00007ffa8ce20000 - 0x00007ffa8d56a000 	C:\WINDOWS\System32\windows.storage.dll
0x00007ffa8cc00000 - 0x00007ffa8cc24000 	C:\WINDOWS\System32\profapi.dll
0x00007ffa8cba0000 - 0x00007ffa8cbfd000 	C:\WINDOWS\System32\powrprof.dll
0x00007ffa8ddb0000 - 0x00007ffa8de02000 	C:\WINDOWS\System32\shlwapi.dll
0x00007ffa8cb80000 - 0x00007ffa8cb91000 	C:\WINDOWS\System32\kernel.appcore.dll
0x00007ffa8dd90000 - 0x00007ffa8dda7000 	C:\WINDOWS\System32\cryptsp.dll
0x00007ffa6d8d0000 - 0x00007ffa6d8ea000 	C:\Program Files\Android\Android Studio\jre\jre\bin\net.dll
0x00007ffa8c400000 - 0x00007ffa8c467000 	C:\WINDOWS\system32\mswsock.dll
0x00007ffa6b230000 - 0x00007ffa6b241000 	C:\Program Files\Android\Android Studio\jre\jre\bin\nio.dll
0x00007ffa7b380000 - 0x00007ffa7b39e000 	C:\Users\LeeJH\.gradle\native\25\windows-amd64\native-platform.dll
0x00007ffa7ad60000 - 0x00007ffa7ad6d000 	C:\Program Files\Android\Android Studio\jre\jre\bin\management.dll
0x00007ffa8bf60000 - 0x00007ffa8bf93000 	C:\WINDOWS\system32\rsaenh.dll
0x00007ffa8cd50000 - 0x00007ffa8cd76000 	C:\WINDOWS\System32\bcrypt.dll
0x00007ffa8ca80000 - 0x00007ffa8caa8000 	C:\WINDOWS\SYSTEM32\USERENV.dll
0x00007ffa8c5d0000 - 0x00007ffa8c5dc000 	C:\WINDOWS\SYSTEM32\CRYPTBASE.dll
0x00007ffa8c160000 - 0x00007ffa8c19d000 	C:\WINDOWS\SYSTEM32\IPHLPAPI.DLL
0x00007ffa901e0000 - 0x00007ffa901e8000 	C:\WINDOWS\System32\NSI.dll
0x00007ffa87d40000 - 0x00007ffa87d56000 	C:\WINDOWS\SYSTEM32\dhcpcsvc6.DLL
0x00007ffa87f80000 - 0x00007ffa87f9c000 	C:\WINDOWS\SYSTEM32\dhcpcsvc.DLL
0x00007ffa8c1a0000 - 0x00007ffa8c266000 	C:\WINDOWS\SYSTEM32\DNSAPI.dll
0x00007ffa674b0000 - 0x00007ffa674d4000 	C:\Program Files\Android\Android Studio\jre\jre\bin\sunec.dll
0x00007ffa86d40000 - 0x00007ffa86d4a000 	C:\Windows\System32\rasadhlp.dll
0x00007ffa868e0000 - 0x00007ffa86959000 	C:\WINDOWS\System32\fwpuclnt.dll
0x00007ffa790c0000 - 0x00007ffa790cb000 	C:\Program Files\Android\Android Studio\jre\jre\bin\sunmscapi.dll
0x00007ffa8d9b0000 - 0x00007ffa8db8b000 	C:\WINDOWS\System32\CRYPT32.dll
0x00007ffa8cc30000 - 0x00007ffa8cc42000 	C:\WINDOWS\System32\MSASN1.dll
0x00007ffa8b0f0000 - 0x00007ffa8b17c000 	C:\WINDOWS\system32\apphelp.dll
0x00007ffa8bc40000 - 0x00007ffa8bc71000 	C:\WINDOWS\SYSTEM32\ntmarta.dll

VM Arguments:
jvm_args: -Xmx1536m -Dfile.encoding=x-windows-949 -Duser.country=KR -Duser.language=ko -Duser.variant 
java_command: org.gradle.launcher.daemon.bootstrap.GradleDaemon 4.10.1
java_class_path (initial): C:\Users\LeeJH\.gradle\wrapper\dists\gradle-4.10.1-all\455itskqi2qtf0v2sja68alqd\gradle-4.10.1\lib\gradle-launcher-4.10.1.jar
Launcher Type: SUN_STANDARD

Environment Variables:
JAVA_HOME=C:\Program Files\Java\jdk-11.0.2
CLASSPATH=C:\Program Files\Java\jdk-11.0.2lib
PATH=C:\Program Files (x86)\Intel\Intel(R) Management Engine Components\iCLS\;C:\Program Files\Intel\Intel(R) Management Engine Components\iCLS\;C:\Windows\system32;C:\Windows;C:\Windows\System32\Wbem;C:\Windows\System32\WindowsPowerShell\v1.0\;C:\Program Files (x86)\NVIDIA Corporation\PhysX\Common;C:\Program Files (x86)\Intel\Intel(R) Management Engine Components\DAL;C:\Program Files\Intel\Intel(R) Management Engine Components\DAL;C:\WINDOWS\system32;C:\WINDOWS;C:\WINDOWS\System32\Wbem;C:\WINDOWS\System32\WindowsPowerShell\v1.0\;C:\Program Files\Java\jdk-11.0.2\bin;C:\Program Files\Git\cmd;C:\WINDOWS\System32\OpenSSH\;C:\Users\LeeJH\AppData\Local\Microsoft\WindowsApps;C:\Program Files\Java\jdk-11.0.2bin;C:\Users\LeeJH\AppData\Local\atom\bin;%USERPROFILE%\AppData\Local\Microsoft\WindowsApps;
USERNAME=LeeJH
OS=Windows_NT
PROCESSOR_IDENTIFIER=Intel64 Family 6 Model 158 Stepping 10, GenuineIntel



---------------  S Y S T E M  ---------------

OS: Windows 10.0 , 64 bit Build 17763 (10.0.17763.379)

CPU:total 12 (initial active 12) (6 cores per cpu, 2 threads per core) family 6 model 158 stepping 10, cmov, cx8, fxsr, mmx, sse, sse2, sse3, ssse3, sse4.1, sse4.2, popcnt, avx, avx2, aes, clmul, erms, rtm, 3dnowpref, lzcnt, ht, tsc, tscinvbit, bmi1, bmi2, adx

Memory: 4k page, physical 16714084k(5195792k free), swap 45940064k(3976k free)

vm_info: OpenJDK 64-Bit Server VM (25.152-b01) for windows-amd64 JRE (1.8.0_152-release-1248-b01), built by "builder" with MS VC++ 10.0 (VS2010)

time: Fri Mar 29 19:09:37 2019
elapsed time: 10693 seconds (0d 2h 58m 13s)

